2026-03-23 19:44:32,646 - INFO - Pipeline started
2026-03-23 19:44:32,646 - INFO - Data cleaned
2026-03-23 19:44:32,646 - INFO - Data validated
2026-03-23 19:44:32,646 - INFO - Processing completed
2026-03-23 19:44:32,646 - INFO - Health classification applied
2026-03-23 19:44:32,646 - INFO - Pipeline completed successfully
2026-03-23 19:59:52,813 - INFO - Pipeline started
2026-03-23 19:59:52,813 - INFO - Data cleaned
2026-03-23 19:59:52,813 - INFO - Data validated
2026-03-23 19:59:52,813 - INFO - Processing completed
2026-03-23 19:59:52,813 - INFO - Health classification applied
2026-03-23 19:59:52,813 - INFO - Pipeline completed successfully
2026-03-23 20:23:35,730 - INFO - Pipeline started
2026-03-23 20:23:35,730 - INFO - Data cleaned
2026-03-23 20:23:35,730 - INFO - Data validated
2026-03-23 20:23:35,730 - INFO - Processing completed
2026-03-23 20:23:35,730 - INFO - Health classification applied
2026-03-23 20:23:35,730 - INFO - Pipeline completed successfully
2026-03-23 20:39:29,821 - INFO - Pipeline started
2026-03-23 20:39:29,821 - INFO - Data cleaned
2026-03-23 20:39:29,821 - INFO - Data validated
2026-03-23 20:39:29,821 - INFO - Processing completed
2026-03-23 20:39:29,821 - INFO - Health classification applied
2026-03-23 20:39:29,821 - INFO - Pipeline completed successfully
